E, [2024-09-15T11:49:35.567186 #6238] ERROR -- Kitchen: ------Exception-------
E, [2024-09-15T11:49:35.567266 #6238] ERROR -- Kitchen: Class: Kitchen::UserError
E, [2024-09-15T11:49:35.567278 #6238] ERROR -- Kitchen: Message: Kitchen YAML file /Users/sean/chef-repo/kitchen.yml does not exist.
E, [2024-09-15T11:49:35.567286 #6238] ERROR -- Kitchen: ----------------------
E, [2024-09-15T11:49:35.567293 #6238] ERROR -- Kitchen: ------Backtrace-------
E, [2024-09-15T11:49:35.567300 #6238] ERROR -- Kitchen: /opt/chef-workstation/embedded/lib/ruby/gems/3.1.0/gems/test-kitchen-3.6.0/lib/kitchen/loader/yaml.rb:65:in `read'
E, [2024-09-15T11:49:35.567306 #6238] ERROR -- Kitchen: /opt/chef-workstation/embedded/lib/ruby/gems/3.1.0/gems/test-kitchen-3.6.0/lib/kitchen/config.rb:153:in `data'
E, [2024-09-15T11:49:35.567313 #6238] ERROR -- Kitchen: /opt/chef-workstation/embedded/lib/ruby/gems/3.1.0/gems/test-kitchen-3.6.0/lib/kitchen/config.rb:131:in `suites'
E, [2024-09-15T11:49:35.567319 #6238] ERROR -- Kitchen: /opt/chef-workstation/embedded/lib/ruby/gems/3.1.0/gems/test-kitchen-3.6.0/lib/kitchen/config.rb:183:in `filter_instances'
E, [2024-09-15T11:49:35.567325 #6238] ERROR -- Kitchen: /opt/chef-workstation/embedded/lib/ruby/gems/3.1.0/gems/test-kitchen-3.6.0/lib/kitchen/config.rb:142:in `build_instances'
E, [2024-09-15T11:49:35.567331 #6238] ERROR -- Kitchen: /opt/chef-workstation/embedded/lib/ruby/gems/3.1.0/gems/test-kitchen-3.6.0/lib/kitchen/config.rb:116:in `instances'
E, [2024-09-15T11:49:35.567338 #6238] ERROR -- Kitchen: /opt/chef-workstation/embedded/lib/ruby/gems/3.1.0/gems/test-kitchen-3.6.0/lib/kitchen/command.rb:109:in `filtered_instances'
E, [2024-09-15T11:49:35.567344 #6238] ERROR -- Kitchen: /opt/chef-workstation/embedded/lib/ruby/gems/3.1.0/gems/test-kitchen-3.6.0/lib/kitchen/command.rb:139:in `parse_subcommand'
E, [2024-09-15T11:49:35.567350 #6238] ERROR -- Kitchen: /opt/chef-workstation/embedded/lib/ruby/gems/3.1.0/gems/test-kitchen-3.6.0/lib/kitchen/command/list.rb:29:in `call'
E, [2024-09-15T11:49:35.567355 #6238] ERROR -- Kitchen: /opt/chef-workstation/embedded/lib/ruby/gems/3.1.0/gems/test-kitchen-3.6.0/lib/kitchen/cli.rb:52:in `perform'
E, [2024-09-15T11:49:35.567361 #6238] ERROR -- Kitchen: /opt/chef-workstation/embedded/lib/ruby/gems/3.1.0/gems/test-kitchen-3.6.0/lib/kitchen/cli.rb:120:in `list'
E, [2024-09-15T11:49:35.567367 #6238] ERROR -- Kitchen: /opt/chef-workstation/embedded/lib/ruby/gems/3.1.0/gems/thor-1.2.2/lib/thor/command.rb:27:in `run'
E, [2024-09-15T11:49:35.567373 #6238] ERROR -- Kitchen: /opt/chef-workstation/embedded/lib/ruby/gems/3.1.0/gems/thor-1.2.2/lib/thor/invocation.rb:127:in `invoke_command'
E, [2024-09-15T11:49:35.567379 #6238] ERROR -- Kitchen: /opt/chef-workstation/embedded/lib/ruby/gems/3.1.0/gems/thor-1.2.2/lib/thor.rb:392:in `dispatch'
E, [2024-09-15T11:49:35.567385 #6238] ERROR -- Kitchen: /opt/chef-workstation/embedded/lib/ruby/gems/3.1.0/gems/thor-1.2.2/lib/thor/base.rb:485:in `start'
E, [2024-09-15T11:49:35.567391 #6238] ERROR -- Kitchen: /opt/chef-workstation/embedded/lib/ruby/gems/3.1.0/gems/test-kitchen-3.6.0/bin/kitchen:11:in `block in <top (required)>'
E, [2024-09-15T11:49:35.567397 #6238] ERROR -- Kitchen: /opt/chef-workstation/embedded/lib/ruby/gems/3.1.0/gems/test-kitchen-3.6.0/lib/kitchen/errors.rb:183:in `with_friendly_errors'
E, [2024-09-15T11:49:35.567403 #6238] ERROR -- Kitchen: /opt/chef-workstation/embedded/lib/ruby/gems/3.1.0/gems/test-kitchen-3.6.0/bin/kitchen:11:in `<top (required)>'
E, [2024-09-15T11:49:35.567411 #6238] ERROR -- Kitchen: /usr/local/bin/kitchen:440:in `load'
E, [2024-09-15T11:49:35.567417 #6238] ERROR -- Kitchen: /usr/local/bin/kitchen:440:in `<main>'
E, [2024-09-15T11:49:35.567423 #6238] ERROR -- Kitchen: ----End Backtrace-----
